Using pre-set license
Built from '2020.3/staging' branch; Version is '2020.3.28f1 (f5400f52e03f) revision 16072719'; Using compiler version '192528614'; Build Type 'Release'
OS: 'Windows 10  (10.0.19044) 64bit Professional' Language: 'ru' Physical Memory: 32601 MB
BatchMode: 1, IsHumanControllingUs: 0, StartBugReporterOnCrash: 0, Is64bit: 1, IsPro: 0

COMMAND LINE ARGUMENTS:
C:\Program Files\Unity\Hub\Editor\2020.3.28f1\Editor\Unity.exe
-adb2
-batchMode
-noUpm
-name
AssetImportWorker1
-projectPath
C:/Users/megab/AR
-logFile
Logs/AssetImportWorker1.log
-srvPort
54344
Successfully changed project path to: C:/Users/megab/AR
C:/Users/megab/AR
Using Asset Import Pipeline V2.
Refreshing native plugins compatible for Editor in 44.91 ms, found 9 plugins.
Preloading 1 native plugins for Editor in 0.89 ms.
Initialize engine version: 2020.3.28f1 (f5400f52e03f)
[Subsystems] Discovering subsystems at path C:/Program Files/Unity/Hub/Editor/2020.3.28f1/Editor/Data/Resources/UnitySubsystems
[Subsystems] Discovering subsystems at path C:/Users/megab/AR/Assets
GfxDevice: creating device client; threaded=0
Direct3D:
    Version:  Direct3D 11.0 [level 11.1]
    Renderer: AMD Radeon HD 7800 Series (ID=0x6819)
    Vendor:   
    VRAM:     2027 MB
    Driver:   27.20.20903.8001
Initialize mono
Mono path[0] = 'C:/Program Files/Unity/Hub/Editor/2020.3.28f1/Editor/Data/Managed'
Mono path[1] = 'C:/Program Files/Unity/Hub/Editor/2020.3.28f1/Editor/Data/MonoBleedingEdge/lib/mono/unityjit'
Mono config path = 'C:/Program Files/Unity/Hub/Editor/2020.3.28f1/Editor/Data/MonoBleedingEdge/etc'
Using monoOptions --debugger-agent=transport=dt_socket,embedding=1,server=y,suspend=n,address=127.0.0.1:56872
Begin MonoManager ReloadAssembly
Registering precompiled unity dll's ...
Register platform support module: C:/Program Files/Unity/Hub/Editor/2020.3.28f1/Editor/Data/PlaybackEngines/WebGLSupport/UnityEditor.WebGL.Extensions.dll
Register platform support module: C:/Program Files/Unity/Hub/Editor/2020.3.28f1/Editor/Data/PlaybackEngines/WindowsStandaloneSupport/UnityEditor.WindowsStandalone.Extensions.dll
Registered in 0.002247 seconds.
Native extension for WindowsStandalone target not found
Native extension for WebGL target not found
Refreshing native plugins compatible for Editor in 35.14 ms, found 9 plugins.
Preloading 1 native plugins for Editor in 0.08 ms.
Mono: successfully reloaded assembly
- Completed reload, in  0.430 seconds
Domain Reload Profiling:
	ReloadAssembly (430ms)
		BeginReloadAssembly (49ms)
			ExecutionOrderSort (0ms)
			DisableScriptedObjects (0ms)
			BackupInstance (0ms)
			ReleaseScriptingObjects (0ms)
			CreateAndSetChildDomain (1ms)
		EndReloadAssembly (327ms)
			LoadAssemblies (48ms)
			RebuildTransferFunctionScriptingTraits (0ms)
			SetupTypeCache (107ms)
			ReleaseScriptCaches (0ms)
			RebuildScriptCaches (19ms)
			SetupLoadedEditorAssemblies (121ms)
				LogAssemblyErrors (0ms)
				InitializePlatformSupportModulesInManaged (4ms)
				SetLoadedEditorAssemblies (0ms)
				RefreshPlugins (35ms)
				BeforeProcessingInitializeOnLoad (5ms)
				ProcessInitializeOnLoadAttributes (58ms)
				ProcessInitializeOnLoadMethodAttributes (19ms)
				AfterProcessingInitializeOnLoad (0ms)
				EditorAssembliesLoaded (0ms)
			ExecutionOrderSort2 (0ms)
			AwakeInstancesAfterBackupRestoration (0ms)
Platform modules already initialized, skipping
Registering precompiled user dll's ...
Registered in 0.007376 seconds.
Begin MonoManager ReloadAssembly
Native extension for WindowsStandalone target not found
Native extension for WebGL target not found
Refreshing native plugins compatible for Editor in 33.72 ms, found 9 plugins.
Preloading 1 native plugins for Editor in 0.09 ms.
[ARLocation]: Starting up!
UnityEngine.StackTraceUtility:ExtractStackTrace ()
UnityEngine.DebugLogHandler:LogFormat (UnityEngine.LogType,UnityEngine.Object,string,object[])
UnityEngine.Logger:Log (UnityEngine.LogType,object)
UnityEngine.Debug:Log (object)
ARLocationEditorConfigManager:.cctor () (at Assets/ARLocation/Editor/ARLocationEditorConfigManager.cs:13)
System.Runtime.CompilerServices.RuntimeHelpers:RunClassConstructor (System.RuntimeTypeHandle)
UnityEditor.EditorAssemblies:ProcessInitializeOnLoadAttributes (System.Type[])

(Filename: Assets/ARLocation/Editor/ARLocationEditorConfigManager.cs Line: 13)

[ARLocation]: Resource folder already exists!
UnityEngine.StackTraceUtility:ExtractStackTrace ()
UnityEngine.DebugLogHandler:LogFormat (UnityEngine.LogType,UnityEngine.Object,string,object[])
UnityEngine.Logger:Log (UnityEngine.LogType,object)
UnityEngine.Debug:Log (object)
ARLocationEditorConfigManager:.cctor () (at Assets/ARLocation/Editor/ARLocationEditorConfigManager.cs:17)
System.Runtime.CompilerServices.RuntimeHelpers:RunClassConstructor (System.RuntimeTypeHandle)
UnityEditor.EditorAssemblies:ProcessInitializeOnLoadAttributes (System.Type[])

(Filename: Assets/ARLocation/Editor/ARLocationEditorConfigManager.cs Line: 17)

[ARLocation]: Config already exists!
UnityEngine.StackTraceUtility:ExtractStackTrace ()
UnityEngine.DebugLogHandler:LogFormat (UnityEngine.LogType,UnityEngine.Object,string,object[])
UnityEngine.Logger:Log (UnityEngine.LogType,object)
UnityEngine.Debug:Log (object)
ARLocationEditorConfigManager:.cctor () (at Assets/ARLocation/Editor/ARLocationEditorConfigManager.cs:29)
System.Runtime.CompilerServices.RuntimeHelpers:RunClassConstructor (System.RuntimeTypeHandle)
UnityEditor.EditorAssemblies:ProcessInitializeOnLoadAttributes (System.Type[])

(Filename: Assets/ARLocation/Editor/ARLocationEditorConfigManager.cs Line: 29)

Mono: successfully reloaded assembly
- Completed reload, in  0.773 seconds
Domain Reload Profiling:
	ReloadAssembly (773ms)
		BeginReloadAssembly (101ms)
			ExecutionOrderSort (0ms)
			DisableScriptedObjects (3ms)
			BackupInstance (0ms)
			ReleaseScriptingObjects (0ms)
			CreateAndSetChildDomain (12ms)
		EndReloadAssembly (628ms)
			LoadAssemblies (79ms)
			RebuildTransferFunctionScriptingTraits (0ms)
			SetupTypeCache (193ms)
			ReleaseScriptCaches (0ms)
			RebuildScriptCaches (31ms)
			SetupLoadedEditorAssemblies (249ms)
				LogAssemblyErrors (0ms)
				InitializePlatformSupportModulesInManaged (3ms)
				SetLoadedEditorAssemblies (0ms)
				RefreshPlugins (34ms)
				BeforeProcessingInitializeOnLoad (60ms)
				ProcessInitializeOnLoadAttributes (140ms)
				ProcessInitializeOnLoadMethodAttributes (6ms)
				AfterProcessingInitializeOnLoad (6ms)
				EditorAssembliesLoaded (0ms)
			ExecutionOrderSort2 (0ms)
			AwakeInstancesAfterBackupRestoration (4ms)
Platform modules already initialized, skipping
========================================================================
Worker process is ready to serve import requests
Launched and connected shader compiler UnityShaderCompiler.exe after 0.04 seconds
Refreshing native plugins compatible for Editor in 0.42 ms, found 9 plugins.
Preloading 1 native plugins for Editor in 0.07 ms.
Unloading 2331 Unused Serialized files (Serialized files now loaded: 0)
System memory in use before: 93.6 MB.
System memory in use after: 93.7 MB.

Unloading 23 unused Assets to reduce memory usage. Loaded Objects now: 2762.
Total: 2.041500 ms (FindLiveObjects: 0.109000 ms CreateObjectMapping: 0.050200 ms MarkObjects: 1.826200 ms  DeleteObjects: 0.055400 ms)

AssetImportParameters requested are different than current active one (requested -> active):
  custom:framework-win-MediaFoundation: 216162199b28c13a410421893ffa2e32 -> 
  custom:video-decoder-ogg-theora: a1e56fd34408186e4bbccfd4996cb3dc -> 
  custom:container-muxer-webm: aa71ff27fc2769a1b78a27578f13a17b -> 
  custom:container-demuxer-webm: 4f35f7cbe854078d1ac9338744f61a02 -> 
  custom:container-demuxer-ogg: 62fdf1f143b41e24485cea50d1cbac27 -> 
  custom:video-encoder-webm-vp8: eb34c28f22e8b96e1ab97ce403110664 -> 
  custom:video-decoder-webm-vp8: 9c59270c3fd7afecdb556c50c9e8de78 -> 
  custom:audio-decoder-ogg-vorbis: bf7c407c2cedff20999df2af8eb42d56 -> 
  custom:audio-encoder-webm-vorbis: bf7c407c2cedff20999df2af8eb42d56 -> 
========================================================================
Received Import Request.
  path: Assets/ARLocation/Locations/IbiraHotspot04.asset
  artifactKey: Guid(7a49a635d6c33fb4bb8a8b8edf16e06b) Importer(815301076,1909f56bfc062723c751e8b465ee728b)
Start importing Assets/ARLocation/Locations/IbiraHotspot04.asset using Guid(7a49a635d6c33fb4bb8a8b8edf16e06b) Importer(815301076,1909f56bfc062723c751e8b465ee728b)  -> (artifact id: '54570ef41bd035485b8618656f2cd08f') in 0.025723 seconds 
  Import took 0.028188 seconds .

========================================================================
Received Import Request.
  Time since last request: 0.000178 seconds.
  path: Assets/ARLocation/Locations/Ap02.asset
  artifactKey: Guid(67c8a0b3305744a4a8e153e118d3560c) Importer(815301076,1909f56bfc062723c751e8b465ee728b)
Start importing Assets/ARLocation/Locations/Ap02.asset using Guid(67c8a0b3305744a4a8e153e118d3560c) Importer(815301076,1909f56bfc062723c751e8b465ee728b)  -> (artifact id: 'a43f71448a1af1dd63df1535e81d6c95') in 0.002345 seconds 
  Import took 0.004725 seconds .

========================================================================
Received Import Request.
  Time since last request: 0.000196 seconds.
  path: Assets/ARLocation/Locations/IbiraHotspot03.asset
  artifactKey: Guid(c258de47fb97cb448903cd1cea26d065) Importer(815301076,1909f56bfc062723c751e8b465ee728b)
Start importing Assets/ARLocation/Locations/IbiraHotspot03.asset using Guid(c258de47fb97cb448903cd1cea26d065) Importer(815301076,1909f56bfc062723c751e8b465ee728b)  -> (artifact id: '8147740af54037841d68b45b6bc1e3fa') in 0.002203 seconds 
  Import took 0.004588 seconds .

========================================================================
Received Import Request.
  Time since last request: 0.000181 seconds.
  path: Assets/ARLocation/Locations/Ap01.asset
  artifactKey: Guid(02ee5e625347ced43aa5f15f5d957c68) Importer(815301076,1909f56bfc062723c751e8b465ee728b)
Start importing Assets/ARLocation/Locations/Ap01.asset using Guid(02ee5e625347ced43aa5f15f5d957c68) Importer(815301076,1909f56bfc062723c751e8b465ee728b)  -> (artifact id: '90476ffa1f964fdfd0f338c838e418c6') in 0.002294 seconds 
  Import took 0.004780 seconds .

========================================================================
Received Import Request.
  Time since last request: 0.000183 seconds.
  path: Assets/ARLocation/Locations/IbiraHotspot01.asset
  artifactKey: Guid(b3d786843e8c12049ba7b2602e0c535d) Importer(815301076,1909f56bfc062723c751e8b465ee728b)
Start importing Assets/ARLocation/Locations/IbiraHotspot01.asset using Guid(b3d786843e8c12049ba7b2602e0c535d) Importer(815301076,1909f56bfc062723c751e8b465ee728b)  -> (artifact id: '995c8ed7189cb1628298d2e6b2c9a916') in 0.002344 seconds 
  Import took 0.005552 seconds .

========================================================================
Received Import Request.
  Time since last request: 0.000247 seconds.
  path: Assets/ARLocation/Locations/Hotspot 1.asset
  artifactKey: Guid(f350ad48755487b4dbf206092e4a5647) Importer(815301076,1909f56bfc062723c751e8b465ee728b)
Start importing Assets/ARLocation/Locations/Hotspot 1.asset using Guid(f350ad48755487b4dbf206092e4a5647) Importer(815301076,1909f56bfc062723c751e8b465ee728b)  -> (artifact id: '22c86df01c1e855544799f2994cffde5') in 0.003317 seconds 
  Import took 0.006568 seconds .

========================================================================
Received Import Request.
  Time since last request: 0.000194 seconds.
  path: Assets/ARLocation/Locations/Hotspot.asset
  artifactKey: Guid(17c78f310f2231345b1f5ba8a4963b2f) Importer(815301076,1909f56bfc062723c751e8b465ee728b)
Start importing Assets/ARLocation/Locations/Hotspot.asset using Guid(17c78f310f2231345b1f5ba8a4963b2f) Importer(815301076,1909f56bfc062723c751e8b465ee728b)  -> (artifact id: '0fdb32c86c4ba46e81b68fc5e5b083b6') in 0.002435 seconds 
  Import took 0.005216 seconds .

========================================================================
Received Import Request.
  Time since last request: 0.000293 seconds.
  path: Assets/ARLocation/Locations/IbiraHotspot02.asset
  artifactKey: Guid(45bce40008a90f941810386f51688662) Importer(815301076,1909f56bfc062723c751e8b465ee728b)
Start importing Assets/ARLocation/Locations/IbiraHotspot02.asset using Guid(45bce40008a90f941810386f51688662) Importer(815301076,1909f56bfc062723c751e8b465ee728b)  -> (artifact id: '8b882a30795df56fb8f5f08ae99f9354') in 0.002833 seconds 
  Import took 0.005436 seconds .

========================================================================
Received Import Request.
  Time since last request: 319.806356 seconds.
  path: Assets/banka.mb
  artifactKey: Guid(de0ad0caa3da2094a9e9f260a0474a92) Importer(815301076,1909f56bfc062723c751e8b465ee728b)
Start importing Assets/banka.mb using Guid(de0ad0caa3da2094a9e9f260a0474a92) Importer(815301076,1909f56bfc062723c751e8b465ee728b)  -> (artifact id: '14358b394d81da90d83681ac3e991182') in 0.102470 seconds 
  Import took 0.105854 seconds .

========================================================================
Received Import Request.
  Time since last request: 0.000201 seconds.
  path: Assets/lambert1.mat
  artifactKey: Guid(4d7f3ee48f3487d44830de4cfee1d726) Importer(815301076,1909f56bfc062723c751e8b465ee728b)
Start importing Assets/lambert1.mat using Guid(4d7f3ee48f3487d44830de4cfee1d726) Importer(815301076,1909f56bfc062723c751e8b465ee728b)  -> (artifact id: 'c1a518f4a1372a9338b582e8c094374b') in 0.018864 seconds 
  Import took 0.021268 seconds .

========================================================================
Received Import Request.
  Time since last request: 242.586674 seconds.
  path: Assets/kofevarka.fbx
  artifactKey: Guid(2a37abb570e25cf4c9ae0120f715b2ec) Importer(815301076,1909f56bfc062723c751e8b465ee728b)
Start importing Assets/kofevarka.fbx using Guid(2a37abb570e25cf4c9ae0120f715b2ec) Importer(815301076,1909f56bfc062723c751e8b465ee728b)  -> (artifact id: 'aed2a086bce9d38e5354fea73a15d36a') in 0.202497 seconds 
  Import took 0.205746 seconds .

========================================================================
Received Import Request.
  Time since last request: 5.123702 seconds.
  path: Assets/kofevarka.fbx
  artifactKey: Guid(2a37abb570e25cf4c9ae0120f715b2ec) Importer(815301076,1909f56bfc062723c751e8b465ee728b)
Start importing Assets/kofevarka.fbx using Guid(2a37abb570e25cf4c9ae0120f715b2ec) Importer(815301076,1909f56bfc062723c751e8b465ee728b)  -> (artifact id: 'a082052f8de1bb99f6b9aa3e59e21d74') in 0.011896 seconds 
  Import took 0.014539 seconds .

========================================================================
Received Import Request.
  Time since last request: 0.002812 seconds.
  path: Assets/aiStandardSurface1.mat
  artifactKey: Guid(0163a2fc8a8cb334f96d96828e695d20) Importer(815301076,1909f56bfc062723c751e8b465ee728b)
Start importing Assets/aiStandardSurface1.mat using Guid(0163a2fc8a8cb334f96d96828e695d20) Importer(815301076,1909f56bfc062723c751e8b465ee728b)  -> (artifact id: 'c4739f6c9af5d4db6ba876058ef355a2') in 0.007065 seconds 
  Import took 0.009769 seconds .

========================================================================
Received Import Request.
  Time since last request: 0.000190 seconds.
  path: Assets/lambert1 1.mat
  artifactKey: Guid(a09ca28a4146f264c87df05757db87c9) Importer(815301076,1909f56bfc062723c751e8b465ee728b)
Start importing Assets/lambert1 1.mat using Guid(a09ca28a4146f264c87df05757db87c9) Importer(815301076,1909f56bfc062723c751e8b465ee728b)  -> (artifact id: 'bd1fd826aab4193240130ff1ea5ab278') in 0.006261 seconds 
  Import took 0.008649 seconds .

========================================================================
Received Import Request.
  Time since last request: 0.000188 seconds.
  path: Assets/aiStandardSurface3.mat
  artifactKey: Guid(b08d431c58d859748b56a6a24449982b) Importer(815301076,1909f56bfc062723c751e8b465ee728b)
Start importing Assets/aiStandardSurface3.mat using Guid(b08d431c58d859748b56a6a24449982b) Importer(815301076,1909f56bfc062723c751e8b465ee728b)  -> (artifact id: '1f4b4cb28976c9005893982d9ce95beb') in 0.009491 seconds 
  Import took 0.012183 seconds .

========================================================================
Received Import Request.
  Time since last request: 0.000209 seconds.
  path: Assets/aiStandardSurface4.mat
  artifactKey: Guid(e7bd83d67a0784a4682216ff74637a45) Importer(815301076,1909f56bfc062723c751e8b465ee728b)
Start importing Assets/aiStandardSurface4.mat using Guid(e7bd83d67a0784a4682216ff74637a45) Importer(815301076,1909f56bfc062723c751e8b465ee728b)  -> (artifact id: 'aba06f0c642981ae9ec438839fc1c0f8') in 0.007056 seconds 
  Import took 0.009983 seconds .

========================================================================
Received Import Request.
  Time since last request: 10.544315 seconds.
  path: Assets/kofevarka.fbx
  artifactKey: Guid(2a37abb570e25cf4c9ae0120f715b2ec) Importer(815301076,1909f56bfc062723c751e8b465ee728b)
Start importing Assets/kofevarka.fbx using Guid(2a37abb570e25cf4c9ae0120f715b2ec) Importer(815301076,1909f56bfc062723c751e8b465ee728b)  -> (artifact id: 'd1b791af8f81e939e61aaea03f66be13') in 0.012266 seconds 
  Import took 0.015069 seconds .

========================================================================
Received Prepare
Registering precompiled user dll's ...
Registered in 0.006889 seconds.
Begin MonoManager ReloadAssembly
Native extension for WindowsStandalone target not found
Native extension for WebGL target not found
Refreshing native plugins compatible for Editor in 0.45 ms, found 9 plugins.
Preloading 1 native plugins for Editor in 0.08 ms.
[ARLocation]: Starting up!
UnityEngine.StackTraceUtility:ExtractStackTrace ()
UnityEngine.DebugLogHandler:LogFormat (UnityEngine.LogType,UnityEngine.Object,string,object[])
UnityEngine.Logger:Log (UnityEngine.LogType,object)
UnityEngine.Debug:Log (object)
ARLocationEditorConfigManager:.cctor () (at Assets/ARLocation/Editor/ARLocationEditorConfigManager.cs:13)
System.Runtime.CompilerServices.RuntimeHelpers:RunClassConstructor (System.RuntimeTypeHandle)
UnityEditor.EditorAssemblies:ProcessInitializeOnLoadAttributes (System.Type[])

(Filename: Assets/ARLocation/Editor/ARLocationEditorConfigManager.cs Line: 13)

[ARLocation]: Resource folder already exists!
UnityEngine.StackTraceUtility:ExtractStackTrace ()
UnityEngine.DebugLogHandler:LogFormat (UnityEngine.LogType,UnityEngine.Object,string,object[])
UnityEngine.Logger:Log (UnityEngine.LogType,object)
UnityEngine.Debug:Log (object)
ARLocationEditorConfigManager:.cctor () (at Assets/ARLocation/Editor/ARLocationEditorConfigManager.cs:17)
System.Runtime.CompilerServices.RuntimeHelpers:RunClassConstructor (System.RuntimeTypeHandle)
UnityEditor.EditorAssemblies:ProcessInitializeOnLoadAttributes (System.Type[])

(Filename: Assets/ARLocation/Editor/ARLocationEditorConfigManager.cs Line: 17)

[ARLocation]: Config already exists!
UnityEngine.StackTraceUtility:ExtractStackTrace ()
UnityEngine.DebugLogHandler:LogFormat (UnityEngine.LogType,UnityEngine.Object,string,object[])
UnityEngine.Logger:Log (UnityEngine.LogType,object)
UnityEngine.Debug:Log (object)
ARLocationEditorConfigManager:.cctor () (at Assets/ARLocation/Editor/ARLocationEditorConfigManager.cs:29)
System.Runtime.CompilerServices.RuntimeHelpers:RunClassConstructor (System.RuntimeTypeHandle)
UnityEditor.EditorAssemblies:ProcessInitializeOnLoadAttributes (System.Type[])

(Filename: Assets/ARLocation/Editor/ARLocationEditorConfigManager.cs Line: 29)

Mono: successfully reloaded assembly
- Completed reload, in  0.708 seconds
Domain Reload Profiling:
	ReloadAssembly (709ms)
		BeginReloadAssembly (91ms)
			ExecutionOrderSort (0ms)
			DisableScriptedObjects (3ms)
			BackupInstance (0ms)
			ReleaseScriptingObjects (0ms)
			CreateAndSetChildDomain (25ms)
		EndReloadAssembly (566ms)
			LoadAssemblies (75ms)
			RebuildTransferFunctionScriptingTraits (0ms)
			SetupTypeCache (190ms)
			ReleaseScriptCaches (1ms)
			RebuildScriptCaches (26ms)
			SetupLoadedEditorAssemblies (224ms)
				LogAssemblyErrors (0ms)
				InitializePlatformSupportModulesInManaged (4ms)
				SetLoadedEditorAssemblies (0ms)
				RefreshPlugins (1ms)
				BeforeProcessingInitializeOnLoad (56ms)
				ProcessInitializeOnLoadAttributes (152ms)
				ProcessInitializeOnLoadMethodAttributes (6ms)
				AfterProcessingInitializeOnLoad (6ms)
				EditorAssembliesLoaded (0ms)
			ExecutionOrderSort2 (0ms)
			AwakeInstancesAfterBackupRestoration (4ms)
Platform modules already initialized, skipping
Refreshing native plugins compatible for Editor in 0.42 ms, found 9 plugins.
Preloading 1 native plugins for Editor in 0.07 ms.
Unloading 2294 Unused Serialized files (Serialized files now loaded: 0)
System memory in use before: 96.2 MB.
System memory in use after: 96.4 MB.

Unloading 18 unused Assets to reduce memory usage. Loaded Objects now: 2809.
Total: 2.251800 ms (FindLiveObjects: 0.184900 ms CreateObjectMapping: 0.083000 ms MarkObjects: 1.943600 ms  DeleteObjects: 0.039700 ms)

AssetImportParameters requested are different than current active one (requested -> active):
  custom:framework-win-MediaFoundation: 216162199b28c13a410421893ffa2e32 -> 
  custom:video-decoder-ogg-theora: a1e56fd34408186e4bbccfd4996cb3dc -> 
  custom:container-muxer-webm: aa71ff27fc2769a1b78a27578f13a17b -> 
  custom:container-demuxer-webm: 4f35f7cbe854078d1ac9338744f61a02 -> 
  custom:container-demuxer-ogg: 62fdf1f143b41e24485cea50d1cbac27 -> 
  custom:video-encoder-webm-vp8: eb34c28f22e8b96e1ab97ce403110664 -> 
  custom:video-decoder-webm-vp8: 9c59270c3fd7afecdb556c50c9e8de78 -> 
  custom:audio-decoder-ogg-vorbis: bf7c407c2cedff20999df2af8eb42d56 -> 
  custom:audio-encoder-webm-vorbis: bf7c407c2cedff20999df2af8eb42d56 -> 
AssetImportWorkerClient::OnTransportError - code=2 error=End of file
